<?xml version="1.0" encoding="UTF-8"?>
<!-- Generated by org.testng.reporters.JUnitReportReporter -->
<testsuite skipped="0" hostname="DESKTOP-HEUJN3K" name="PP.Training.PP.MProj1.Testing" tests="1" failures="0" timestamp="24 Jul 2018 11:55:59 GMT" time="0.016" errors="0">
  <testcase name="f" time="0.016" classname="PP.Training.PP.MProj1.Testing"/>
</testsuite> <!-- PP.Training.PP.MProj1.Testing -->
